Copyright 1986-2016 Xilinx, Inc. All Rights Reserved.
-------------------------------------------------------------------------------------------------------------------------------------------------------------------------------------------------------------------------------------------------
| Tool Version     : Vivado v.2016.4 (win64) Build 1733598 Wed Dec 14 22:35:39 MST 2016
| Date             : Wed Apr 21 23:35:15 2021
| Host             : CSE-P07-2168-01 running 64-bit major release  (build 9200)
| Command          : report_power -file Four_Digit_Seven_Segment_Driver_Optimized_power_routed.rpt -pb Four_Digit_Seven_Segment_Driver_Optimized_power_summary_routed.pb -rpx Four_Digit_Seven_Segment_Driver_Optimized_power_routed.rpx
| Design           : Four_Digit_Seven_Segment_Driver_Optimized
| Device           : xc7a100tcsg324-1
| Design State     : routed
| Grade            : commercial
| Process          : typical
| Characterization : Production
-------------------------------------------------------------------------------------------------------------------------------------------------------------------------------------------------------------------------------------------------

Power Report

Table of Contents
-----------------
1. Summary
1.1 On-Chip Components
1.2 Power Supply Summary
1.3 Confidence Level
2. Settings
2.1 Environment
2.2 Clock Constraints
3. Detailed Reports
3.1 By Hierarchy

1. Summary
----------

+--------------------------+-------+
| Total On-Chip Power (W)  | 0.189 |
| Dynamic (W)              | 0.092 |
| Device Static (W)        | 0.097 |
| Effective TJA (C/W)      | 4.6   |
| Max Ambient (C)          | 84.1  |
| Junction Temperature (C) | 25.9  |
| Confidence Level         | Low   |
| Setting File             | ---   |
| Simulation Activity File | ---   |
| Design Nets Matched      | NA    |
+--------------------------+-------+


1.1 On-Chip Components
----------------------

+----------------+-----------+----------+-----------+-----------------+
| On-Chip        | Power (W) | Used     | Available | Utilization (%) |
+----------------+-----------+----------+-----------+-----------------+
| Clocks         |     0.003 |        3 |       --- |             --- |
| Slice Logic    |     0.027 |    20700 |       --- |             --- |
|   LUT as Logic |     0.027 |    13511 |     63400 |           21.31 |
|   F7/F8 Muxes  |    <0.001 |     1088 |     63400 |            1.72 |
|   CARRY4       |    <0.001 |       65 |     15850 |            0.41 |
|   Register     |    <0.001 |     3855 |    126800 |            3.04 |
|   BUFG         |    <0.001 |        2 |        32 |            6.25 |
|   Others       |     0.000 |      359 |       --- |             --- |
| Signals        |     0.041 |    15898 |       --- |             --- |
| I/O            |     0.020 |       29 |       210 |           13.81 |
| Static Power   |     0.097 |          |           |                 |
| Total          |     0.189 |          |           |                 |
+----------------+-----------+----------+-----------+-----------------+


1.2 Power Supply Summary
------------------------

+-----------+-------------+-----------+-------------+------------+
| Source    | Voltage (V) | Total (A) | Dynamic (A) | Static (A) |
+-----------+-------------+-----------+-------------+------------+
| Vccint    |       1.000 |     0.087 |       0.071 |      0.015 |
| Vccaux    |       1.800 |     0.019 |       0.001 |      0.018 |
| Vcco33    |       3.300 |     0.010 |       0.006 |      0.004 |
| Vcco25    |       2.500 |     0.000 |       0.000 |      0.000 |
| Vcco18    |       1.800 |     0.000 |       0.000 |      0.000 |
| Vcco15    |       1.500 |     0.000 |       0.000 |      0.000 |
| Vcco135   |       1.350 |     0.000 |       0.000 |      0.000 |
| Vcco12    |       1.200 |     0.000 |       0.000 |      0.000 |
| Vccaux_io |       1.800 |     0.000 |       0.000 |      0.000 |
| Vccbram   |       1.000 |     0.000 |       0.000 |      0.000 |
| MGTAVcc   |       1.000 |     0.000 |       0.000 |      0.000 |
| MGTAVtt   |       1.200 |     0.000 |       0.000 |      0.000 |
| Vccadc    |       1.800 |     0.020 |       0.000 |      0.020 |
+-----------+-------------+-----------+-------------+------------+


1.3 Confidence Level
--------------------

+-----------------------------+------------+-------------------------------------------------------+--------------------------------------------------------------------------------------------------------------------+
| User Input Data             | Confidence | Details                                               | Action                                                                                                             |
+-----------------------------+------------+-------------------------------------------------------+--------------------------------------------------------------------------------------------------------------------+
| Design implementation state | High       | Design is routed                                      |                                                                                                                    |
| Clock nodes activity        | Low        | User specified less than 75% of clocks                | Provide missing clock activity with a constraint file, simulation results or by editing the "By Clock Domain" view |
| I/O nodes activity          | Medium     | More than 5% of inputs are missing user specification | Provide missing input activity with simulation results or by editing the "By Resource Type -> I/Os" view           |
| Internal nodes activity     | Medium     | User specified less than 25% of internal nodes        | Provide missing internal nodes activity with simulation results or by editing the "By Resource Type" views         |
| Device models               | High       | Device models are Production                          |                                                                                                                    |
|                             |            |                                                       |                                                                                                                    |
| Overall confidence level    | Low        |                                                       |                                                                                                                    |
+-----------------------------+------------+-------------------------------------------------------+--------------------------------------------------------------------------------------------------------------------+


2. Settings
-----------

2.1 Environment
---------------

+-----------------------+--------------------------+
| Ambient Temp (C)      | 25.0                     |
| ThetaJA (C/W)         | 4.6                      |
| Airflow (LFM)         | 250                      |
| Heat Sink             | medium (Medium Profile)  |
| ThetaSA (C/W)         | 4.6                      |
| Board Selection       | medium (10"x10")         |
| # of Board Layers     | 12to15 (12 to 15 Layers) |
| Board Temperature (C) | 25.0                     |
+-----------------------+--------------------------+


2.2 Clock Constraints
---------------------

+-------------+--------+-----------------+
| Clock       | Domain | Constraint (ns) |
+-------------+--------+-----------------+
| sys_clk_pin | clk    |            10.0 |
+-------------+--------+-----------------+


3. Detailed Reports
-------------------

3.1 By Hierarchy
----------------

+-------------------------------------------+-----------+
| Name                                      | Power (W) |
+-------------------------------------------+-----------+
| Four_Digit_Seven_Segment_Driver_Optimized |     0.092 |
|   p                                       |     0.067 |
|     EX_MEM                                |     0.051 |
|       genblk1[0].b                        |    <0.001 |
|       genblk1[100].b                      |    <0.001 |
|       genblk1[101].b                      |    <0.001 |
|       genblk1[102].b                      |    <0.001 |
|       genblk1[103].b                      |    <0.001 |
|       genblk1[104].b                      |    <0.001 |
|       genblk1[105].b                      |    <0.001 |
|       genblk1[106].b                      |    <0.001 |
|       genblk1[107].b                      |    <0.001 |
|       genblk1[108].b                      |    <0.001 |
|       genblk1[109].b                      |    <0.001 |
|       genblk1[10].b                       |    <0.001 |
|       genblk1[110].b                      |    <0.001 |
|       genblk1[111].b                      |    <0.001 |
|       genblk1[112].b                      |    <0.001 |
|       genblk1[113].b                      |    <0.001 |
|       genblk1[114].b                      |    <0.001 |
|       genblk1[115].b                      |    <0.001 |
|       genblk1[116].b                      |    <0.001 |
|       genblk1[117].b                      |    <0.001 |
|       genblk1[118].b                      |    <0.001 |
|       genblk1[119].b                      |    <0.001 |
|       genblk1[11].b                       |    <0.001 |
|       genblk1[120].b                      |    <0.001 |
|       genblk1[121].b                      |    <0.001 |
|       genblk1[122].b                      |    <0.001 |
|       genblk1[123].b                      |    <0.001 |
|       genblk1[124].b                      |    <0.001 |
|       genblk1[125].b                      |    <0.001 |
|       genblk1[126].b                      |    <0.001 |
|       genblk1[127].b                      |    <0.001 |
|       genblk1[128].b                      |    <0.001 |
|       genblk1[12].b                       |    <0.001 |
|       genblk1[13].b                       |    <0.001 |
|       genblk1[14].b                       |    <0.001 |
|       genblk1[15].b                       |    <0.001 |
|       genblk1[16].b                       |    <0.001 |
|       genblk1[17].b                       |    <0.001 |
|       genblk1[18].b                       |    <0.001 |
|       genblk1[19].b                       |    <0.001 |
|       genblk1[1].b                        |    <0.001 |
|       genblk1[20].b                       |    <0.001 |
|       genblk1[21].b                       |    <0.001 |
|       genblk1[22].b                       |    <0.001 |
|       genblk1[23].b                       |    <0.001 |
|       genblk1[24].b                       |    <0.001 |
|       genblk1[25].b                       |    <0.001 |
|       genblk1[26].b                       |    <0.001 |
|       genblk1[27].b                       |    <0.001 |
|       genblk1[28].b                       |    <0.001 |
|       genblk1[29].b                       |    <0.001 |
|       genblk1[2].b                        |    <0.001 |
|       genblk1[30].b                       |    <0.001 |
|       genblk1[31].b                       |    <0.001 |
|       genblk1[32].b                       |    <0.001 |
|       genblk1[33].b                       |    <0.001 |
|       genblk1[34].b                       |    <0.001 |
|       genblk1[35].b                       |    <0.001 |
|       genblk1[36].b                       |    <0.001 |
|       genblk1[37].b                       |     0.008 |
|       genblk1[38].b                       |     0.006 |
|       genblk1[39].b                       |     0.006 |
|       genblk1[3].b                        |    <0.001 |
|       genblk1[40].b                       |     0.005 |
|       genblk1[41].b                       |     0.003 |
|       genblk1[42].b                       |     0.003 |
|       genblk1[43].b                       |     0.004 |
|       genblk1[44].b                       |     0.005 |
|       genblk1[45].b                       |    <0.001 |
|       genblk1[46].b                       |    <0.001 |
|       genblk1[47].b                       |    <0.001 |
|       genblk1[48].b                       |    <0.001 |
|       genblk1[49].b                       |    <0.001 |
|       genblk1[4].b                        |    <0.001 |
|       genblk1[50].b                       |    <0.001 |
|       genblk1[51].b                       |    <0.001 |
|       genblk1[52].b                       |    <0.001 |
|       genblk1[53].b                       |    <0.001 |
|       genblk1[54].b                       |    <0.001 |
|       genblk1[55].b                       |    <0.001 |
|       genblk1[56].b                       |    <0.001 |
|       genblk1[57].b                       |    <0.001 |
|       genblk1[58].b                       |    <0.001 |
|       genblk1[59].b                       |    <0.001 |
|       genblk1[5].b                        |    <0.001 |
|       genblk1[60].b                       |    <0.001 |
|       genblk1[61].b                       |    <0.001 |
|       genblk1[62].b                       |    <0.001 |
|       genblk1[63].b                       |    <0.001 |
|       genblk1[64].b                       |    <0.001 |
|       genblk1[65].b                       |    <0.001 |
|       genblk1[66].b                       |    <0.001 |
|       genblk1[67].b                       |    <0.001 |
|       genblk1[68].b                       |    <0.001 |
|       genblk1[69].b                       |    <0.001 |
|       genblk1[6].b                        |    <0.001 |
|       genblk1[70].b                       |    <0.001 |
|       genblk1[71].b                       |    <0.001 |
|       genblk1[72].b                       |    <0.001 |
|       genblk1[73].b                       |    <0.001 |
|       genblk1[74].b                       |     0.002 |
|       genblk1[75].b                       |    <0.001 |
|       genblk1[76].b                       |    <0.001 |
|       genblk1[78].b                       |    <0.001 |
|       genblk1[7].b                        |    <0.001 |
|       genblk1[80].b                       |    <0.001 |
|       genblk1[83].b                       |    <0.001 |
|       genblk1[84].b                       |    <0.001 |
|       genblk1[86].b                       |    <0.001 |
|       genblk1[87].b                       |    <0.001 |
|       genblk1[88].b                       |    <0.001 |
|       genblk1[89].b                       |    <0.001 |
|       genblk1[8].b                        |    <0.001 |
|       genblk1[90].b                       |    <0.001 |
|       genblk1[91].b                       |    <0.001 |
|       genblk1[92].b                       |    <0.001 |
|       genblk1[93].b                       |    <0.001 |
|       genblk1[94].b                       |    <0.001 |
|       genblk1[95].b                       |    <0.001 |
|       genblk1[96].b                       |    <0.001 |
|       genblk1[97].b                       |    <0.001 |
|       genblk1[98].b                       |    <0.001 |
|       genblk1[99].b                       |    <0.001 |
|       genblk1[9].b                        |    <0.001 |
|     ID_EX                                 |     0.001 |
|       genblk1[0].b                        |    <0.001 |
|       genblk1[105].b                      |    <0.001 |
|       genblk1[106].b                      |    <0.001 |
|       genblk1[107].b                      |    <0.001 |
|       genblk1[108].b                      |    <0.001 |
|       genblk1[109].b                      |    <0.001 |
|       genblk1[10].b                       |    <0.001 |
|       genblk1[110].b                      |    <0.001 |
|       genblk1[111].b                      |    <0.001 |
|       genblk1[112].b                      |    <0.001 |
|       genblk1[113].b                      |    <0.001 |
|       genblk1[114].b                      |    <0.001 |
|       genblk1[11].b                       |    <0.001 |
|       genblk1[120].b                      |    <0.001 |
|       genblk1[121].b                      |    <0.001 |
|       genblk1[122].b                      |    <0.001 |
|       genblk1[124].b                      |    <0.001 |
|       genblk1[125].b                      |    <0.001 |
|       genblk1[126].b                      |    <0.001 |
|       genblk1[127].b                      |    <0.001 |
|       genblk1[128].b                      |    <0.001 |
|       genblk1[129].b                      |    <0.001 |
|       genblk1[12].b                       |    <0.001 |
|       genblk1[130].b                      |    <0.001 |
|       genblk1[131].b                      |    <0.001 |
|       genblk1[132].b                      |    <0.001 |
|       genblk1[133].b                      |    <0.001 |
|       genblk1[134].b                      |    <0.001 |
|       genblk1[135].b                      |    <0.001 |
|       genblk1[136].b                      |    <0.001 |
|       genblk1[137].b                      |    <0.001 |
|       genblk1[138].b                      |    <0.001 |
|       genblk1[139].b                      |    <0.001 |
|       genblk1[13].b                       |    <0.001 |
|       genblk1[140].b                      |    <0.001 |
|       genblk1[141].b                      |    <0.001 |
|       genblk1[142].b                      |    <0.001 |
|       genblk1[143].b                      |    <0.001 |
|       genblk1[144].b                      |    <0.001 |
|       genblk1[145].b                      |    <0.001 |
|       genblk1[146].b                      |    <0.001 |
|       genblk1[147].b                      |    <0.001 |
|       genblk1[148].b                      |    <0.001 |
|       genblk1[149].b                      |    <0.001 |
|       genblk1[14].b                       |    <0.001 |
|       genblk1[150].b                      |    <0.001 |
|       genblk1[151].b                      |    <0.001 |
|       genblk1[152].b                      |    <0.001 |
|       genblk1[153].b                      |    <0.001 |
|       genblk1[154].b                      |    <0.001 |
|       genblk1[155].b                      |    <0.001 |
|       genblk1[156].b                      |    <0.001 |
|       genblk1[157].b                      |    <0.001 |
|       genblk1[158].b                      |    <0.001 |
|       genblk1[159].b                      |    <0.001 |
|       genblk1[15].b                       |    <0.001 |
|       genblk1[160].b                      |    <0.001 |
|       genblk1[161].b                      |    <0.001 |
|       genblk1[162].b                      |    <0.001 |
|       genblk1[163].b                      |    <0.001 |
|       genblk1[164].b                      |    <0.001 |
|       genblk1[165].b                      |    <0.001 |
|       genblk1[166].b                      |    <0.001 |
|       genblk1[167].b                      |    <0.001 |
|       genblk1[168].b                      |    <0.001 |
|       genblk1[169].b                      |    <0.001 |
|       genblk1[16].b                       |    <0.001 |
|       genblk1[170].b                      |    <0.001 |
|       genblk1[171].b                      |    <0.001 |
|       genblk1[172].b                      |    <0.001 |
|       genblk1[173].b                      |    <0.001 |
|       genblk1[174].b                      |    <0.001 |
|       genblk1[175].b                      |    <0.001 |
|       genblk1[176].b                      |    <0.001 |
|       genblk1[177].b                      |    <0.001 |
|       genblk1[178].b                      |    <0.001 |
|       genblk1[179].b                      |    <0.001 |
|       genblk1[17].b                       |    <0.001 |
|       genblk1[180].b                      |    <0.001 |
|       genblk1[181].b                      |    <0.001 |
|       genblk1[182].b                      |    <0.001 |
|       genblk1[183].b                      |    <0.001 |
|       genblk1[184].b                      |    <0.001 |
|       genblk1[185].b                      |    <0.001 |
|       genblk1[186].b                      |    <0.001 |
|       genblk1[187].b                      |    <0.001 |
|       genblk1[18].b                       |    <0.001 |
|       genblk1[19].b                       |    <0.001 |
|       genblk1[1].b                        |    <0.001 |
|       genblk1[20].b                       |    <0.001 |
|       genblk1[21].b                       |    <0.001 |
|       genblk1[22].b                       |    <0.001 |
|       genblk1[23].b                       |    <0.001 |
|       genblk1[24].b                       |    <0.001 |
|       genblk1[25].b                       |    <0.001 |
|       genblk1[26].b                       |    <0.001 |
|       genblk1[27].b                       |    <0.001 |
|       genblk1[284].b                      |    <0.001 |
|       genblk1[286].b                      |    <0.001 |
|       genblk1[289].b                      |    <0.001 |
|       genblk1[28].b                       |    <0.001 |
|       genblk1[290].b                      |    <0.001 |
|       genblk1[292].b                      |    <0.001 |
|       genblk1[29].b                       |    <0.001 |
|       genblk1[2].b                        |    <0.001 |
|       genblk1[30].b                       |    <0.001 |
|       genblk1[31].b                       |    <0.001 |
|       genblk1[32].b                       |    <0.001 |
|       genblk1[33].b                       |    <0.001 |
|       genblk1[34].b                       |    <0.001 |
|       genblk1[35].b                       |    <0.001 |
|       genblk1[36].b                       |    <0.001 |
|       genblk1[37].b                       |    <0.001 |
|       genblk1[38].b                       |    <0.001 |
|       genblk1[39].b                       |    <0.001 |
|       genblk1[3].b                        |    <0.001 |
|       genblk1[40].b                       |    <0.001 |
|       genblk1[41].b                       |    <0.001 |
|       genblk1[42].b                       |    <0.001 |
|       genblk1[43].b                       |    <0.001 |
|       genblk1[44].b                       |    <0.001 |
|       genblk1[45].b                       |    <0.001 |
|       genblk1[46].b                       |    <0.001 |
|       genblk1[47].b                       |    <0.001 |
|       genblk1[48].b                       |    <0.001 |
|       genblk1[49].b                       |    <0.001 |
|       genblk1[4].b                        |    <0.001 |
|       genblk1[50].b                       |    <0.001 |
|       genblk1[51].b                       |    <0.001 |
|       genblk1[52].b                       |    <0.001 |
|       genblk1[53].b                       |    <0.001 |
|       genblk1[54].b                       |    <0.001 |
|       genblk1[55].b                       |    <0.001 |
|       genblk1[56].b                       |    <0.001 |
|       genblk1[57].b                       |    <0.001 |
|       genblk1[58].b                       |    <0.001 |
|       genblk1[59].b                       |    <0.001 |
|       genblk1[5].b                        |    <0.001 |
|       genblk1[60].b                       |    <0.001 |
|       genblk1[61].b                       |    <0.001 |
|       genblk1[62].b                       |    <0.001 |
|       genblk1[63].b                       |    <0.001 |
|       genblk1[64].b                       |    <0.001 |
|       genblk1[65].b                       |    <0.001 |
|       genblk1[66].b                       |    <0.001 |
|       genblk1[67].b                       |    <0.001 |
|       genblk1[68].b                       |    <0.001 |
|       genblk1[69].b                       |    <0.001 |
|       genblk1[6].b                        |    <0.001 |
|       genblk1[70].b                       |    <0.001 |
|       genblk1[71].b                       |    <0.001 |
|       genblk1[72].b                       |    <0.001 |
|       genblk1[73].b                       |    <0.001 |
|       genblk1[74].b                       |    <0.001 |
|       genblk1[75].b                       |    <0.001 |
|       genblk1[76].b                       |    <0.001 |
|       genblk1[77].b                       |    <0.001 |
|       genblk1[78].b                       |    <0.001 |
|       genblk1[79].b                       |    <0.001 |
|       genblk1[7].b                        |    <0.001 |
|       genblk1[80].b                       |    <0.001 |
|       genblk1[81].b                       |    <0.001 |
|       genblk1[82].b                       |    <0.001 |
|       genblk1[8].b                        |    <0.001 |
|       genblk1[9].b                        |    <0.001 |
|     IF_ID                                 |     0.003 |
|       genblk1[1].b                        |    <0.001 |
|       genblk1[2].b                        |    <0.001 |
|       genblk1[34].b                       |    <0.001 |
|       genblk1[35].b                       |    <0.001 |
|       genblk1[36].b                       |    <0.001 |
|       genblk1[37].b                       |    <0.001 |
|       genblk1[38].b                       |    <0.001 |
|       genblk1[39].b                       |    <0.001 |
|       genblk1[3].b                        |    <0.001 |
|       genblk1[40].b                       |    <0.001 |
|       genblk1[41].b                       |    <0.001 |
|       genblk1[42].b                       |    <0.001 |
|       genblk1[43].b                       |    <0.001 |
|       genblk1[44].b                       |    <0.001 |
|       genblk1[45].b                       |    <0.001 |
|       genblk1[46].b                       |    <0.001 |
|       genblk1[47].b                       |    <0.001 |
|       genblk1[48].b                       |    <0.001 |
|       genblk1[49].b                       |    <0.001 |
|       genblk1[4].b                        |    <0.001 |
|       genblk1[50].b                       |    <0.001 |
|       genblk1[51].b                       |    <0.001 |
|       genblk1[52].b                       |    <0.001 |
|       genblk1[53].b                       |    <0.001 |
|       genblk1[54].b                       |    <0.001 |
|       genblk1[55].b                       |    <0.001 |
|       genblk1[56].b                       |    <0.001 |
|       genblk1[57].b                       |    <0.001 |
|       genblk1[58].b                       |    <0.001 |
|       genblk1[59].b                       |    <0.001 |
|       genblk1[5].b                        |    <0.001 |
|       genblk1[60].b                       |    <0.001 |
|       genblk1[61].b                       |    <0.001 |
|       genblk1[62].b                       |    <0.001 |
|       genblk1[63].b                       |    <0.001 |
|       genblk1[64].b                       |    <0.001 |
|       genblk1[65].b                       |    <0.001 |
|       genblk1[66].b                       |    <0.001 |
|       genblk1[67].b                       |    <0.001 |
|       genblk1[68].b                       |    <0.001 |
|       genblk1[69].b                       |    <0.001 |
|       genblk1[6].b                        |    <0.001 |
|       genblk1[70].b                       |    <0.001 |
|       genblk1[71].b                       |    <0.001 |
|       genblk1[72].b                       |    <0.001 |
|       genblk1[73].b                       |    <0.001 |
|       genblk1[74].b                       |    <0.001 |
|       genblk1[75].b                       |    <0.001 |
|       genblk1[76].b                       |    <0.001 |
|       genblk1[7].b                        |    <0.001 |
|       genblk1[8].b                        |    <0.001 |
|       genblk1[9].b                        |    <0.001 |
|     MEM_WB                                |    <0.001 |
|       genblk1[0].b                        |    <0.001 |
|       genblk1[10].b                       |    <0.001 |
|       genblk1[11].b                       |    <0.001 |
|       genblk1[12].b                       |    <0.001 |
|       genblk1[13].b                       |    <0.001 |
|       genblk1[14].b                       |    <0.001 |
|       genblk1[15].b                       |    <0.001 |
|       genblk1[16].b                       |    <0.001 |
|       genblk1[17].b                       |    <0.001 |
|       genblk1[18].b                       |    <0.001 |
|       genblk1[19].b                       |    <0.001 |
|       genblk1[1].b                        |    <0.001 |
|       genblk1[20].b                       |    <0.001 |
|       genblk1[21].b                       |    <0.001 |
|       genblk1[22].b                       |    <0.001 |
|       genblk1[23].b                       |    <0.001 |
|       genblk1[24].b                       |    <0.001 |
|       genblk1[25].b                       |    <0.001 |
|       genblk1[26].b                       |    <0.001 |
|       genblk1[27].b                       |    <0.001 |
|       genblk1[28].b                       |    <0.001 |
|       genblk1[29].b                       |    <0.001 |
|       genblk1[2].b                        |    <0.001 |
|       genblk1[30].b                       |    <0.001 |
|       genblk1[31].b                       |    <0.001 |
|       genblk1[32].b                       |    <0.001 |
|       genblk1[33].b                       |    <0.001 |
|       genblk1[34].b                       |    <0.001 |
|       genblk1[35].b                       |    <0.001 |
|       genblk1[36].b                       |    <0.001 |
|       genblk1[3].b                        |    <0.001 |
|       genblk1[4].b                        |    <0.001 |
|       genblk1[5].b                        |    <0.001 |
|       genblk1[69].b                       |    <0.001 |
|       genblk1[6].b                        |    <0.001 |
|       genblk1[7].b                        |    <0.001 |
|       genblk1[8].b                        |    <0.001 |
|       genblk1[9].b                        |    <0.001 |
|     alumx1                                |    <0.001 |
|     alumx2                                |    <0.001 |
|     bc                                    |    <0.001 |
|     bfd1                                  |    <0.001 |
|     bfd2                                  |    <0.001 |
|     bfu                                   |    <0.001 |
|     m1                                    |    <0.001 |
|     m2                                    |    <0.001 |
|     mem                                   |     0.010 |
|     pc                                    |    <0.001 |
|     rf2                                   |    <0.001 |
|       genblk1.genblk1[10].r               |     0.000 |
|         genblk1[0].b                      |     0.000 |
|         genblk1[10].b                     |     0.000 |
|         genblk1[11].b                     |     0.000 |
|         genblk1[12].b                     |     0.000 |
|         genblk1[13].b                     |     0.000 |
|         genblk1[14].b                     |     0.000 |
|         genblk1[15].b                     |     0.000 |
|         genblk1[16].b                     |     0.000 |
|         genblk1[17].b                     |     0.000 |
|         genblk1[18].b                     |     0.000 |
|         genblk1[19].b                     |     0.000 |
|         genblk1[1].b                      |     0.000 |
|         genblk1[20].b                     |     0.000 |
|         genblk1[21].b                     |     0.000 |
|         genblk1[22].b                     |     0.000 |
|         genblk1[23].b                     |     0.000 |
|         genblk1[24].b                     |     0.000 |
|         genblk1[25].b                     |     0.000 |
|         genblk1[26].b                     |     0.000 |
|         genblk1[27].b                     |     0.000 |
|         genblk1[28].b                     |     0.000 |
|         genblk1[29].b                     |     0.000 |
|         genblk1[2].b                      |     0.000 |
|         genblk1[30].b                     |     0.000 |
|         genblk1[31].b                     |     0.000 |
|         genblk1[3].b                      |     0.000 |
|         genblk1[4].b                      |     0.000 |
|         genblk1[5].b                      |     0.000 |
|         genblk1[6].b                      |     0.000 |
|         genblk1[7].b                      |     0.000 |
|         genblk1[8].b                      |     0.000 |
|         genblk1[9].b                      |     0.000 |
|       genblk1.genblk1[11].r               |    <0.001 |
|         genblk1[0].b                      |    <0.001 |
|         genblk1[10].b                     |    <0.001 |
|         genblk1[11].b                     |    <0.001 |
|         genblk1[12].b                     |    <0.001 |
|         genblk1[13].b                     |    <0.001 |
|         genblk1[14].b                     |    <0.001 |
|         genblk1[15].b                     |    <0.001 |
|         genblk1[16].b                     |    <0.001 |
|         genblk1[17].b                     |    <0.001 |
|         genblk1[18].b                     |    <0.001 |
|         genblk1[19].b                     |    <0.001 |
|         genblk1[1].b                      |    <0.001 |
|         genblk1[20].b                     |    <0.001 |
|         genblk1[21].b                     |    <0.001 |
|         genblk1[22].b                     |    <0.001 |
|         genblk1[23].b                     |    <0.001 |
|         genblk1[24].b                     |    <0.001 |
|         genblk1[25].b                     |    <0.001 |
|         genblk1[26].b                     |    <0.001 |
|         genblk1[27].b                     |    <0.001 |
|         genblk1[28].b                     |    <0.001 |
|         genblk1[29].b                     |    <0.001 |
|         genblk1[2].b                      |    <0.001 |
|         genblk1[30].b                     |    <0.001 |
|         genblk1[31].b                     |    <0.001 |
|         genblk1[3].b                      |    <0.001 |
|         genblk1[4].b                      |    <0.001 |
|         genblk1[5].b                      |    <0.001 |
|         genblk1[6].b                      |    <0.001 |
|         genblk1[7].b                      |    <0.001 |
|         genblk1[8].b                      |    <0.001 |
|         genblk1[9].b                      |    <0.001 |
|       genblk1.genblk1[12].r               |     0.000 |
|         genblk1[0].b                      |     0.000 |
|         genblk1[10].b                     |     0.000 |
|         genblk1[11].b                     |     0.000 |
|         genblk1[12].b                     |     0.000 |
|         genblk1[13].b                     |     0.000 |
|         genblk1[14].b                     |     0.000 |
|         genblk1[15].b                     |     0.000 |
|         genblk1[16].b                     |     0.000 |
|         genblk1[17].b                     |     0.000 |
|         genblk1[18].b                     |     0.000 |
|         genblk1[19].b                     |     0.000 |
|         genblk1[1].b                      |     0.000 |
|         genblk1[20].b                     |     0.000 |
|         genblk1[21].b                     |     0.000 |
|         genblk1[22].b                     |     0.000 |
|         genblk1[23].b                     |     0.000 |
|         genblk1[24].b                     |     0.000 |
|         genblk1[25].b                     |     0.000 |
|         genblk1[26].b                     |     0.000 |
|         genblk1[27].b                     |     0.000 |
|         genblk1[28].b                     |     0.000 |
|         genblk1[29].b                     |     0.000 |
|         genblk1[2].b                      |     0.000 |
|         genblk1[30].b                     |     0.000 |
|         genblk1[31].b                     |     0.000 |
|         genblk1[3].b                      |     0.000 |
|         genblk1[4].b                      |     0.000 |
|         genblk1[5].b                      |     0.000 |
|         genblk1[6].b                      |     0.000 |
|         genblk1[7].b                      |     0.000 |
|         genblk1[8].b                      |     0.000 |
|         genblk1[9].b                      |     0.000 |
|       genblk1.genblk1[13].r               |     0.000 |
|         genblk1[0].b                      |     0.000 |
|         genblk1[10].b                     |     0.000 |
|         genblk1[11].b                     |     0.000 |
|         genblk1[12].b                     |     0.000 |
|         genblk1[13].b                     |     0.000 |
|         genblk1[14].b                     |     0.000 |
|         genblk1[15].b                     |     0.000 |
|         genblk1[16].b                     |     0.000 |
|         genblk1[17].b                     |     0.000 |
|         genblk1[18].b                     |     0.000 |
|         genblk1[19].b                     |     0.000 |
|         genblk1[1].b                      |     0.000 |
|         genblk1[20].b                     |     0.000 |
|         genblk1[21].b                     |     0.000 |
|         genblk1[22].b                     |     0.000 |
|         genblk1[23].b                     |     0.000 |
|         genblk1[24].b                     |     0.000 |
|         genblk1[25].b                     |     0.000 |
|         genblk1[26].b                     |     0.000 |
|         genblk1[27].b                     |     0.000 |
|         genblk1[28].b                     |     0.000 |
|         genblk1[29].b                     |     0.000 |
|         genblk1[2].b                      |     0.000 |
|         genblk1[30].b                     |     0.000 |
|         genblk1[31].b                     |     0.000 |
|         genblk1[3].b                      |     0.000 |
|         genblk1[4].b                      |     0.000 |
|         genblk1[5].b                      |     0.000 |
|         genblk1[6].b                      |     0.000 |
|         genblk1[7].b                      |     0.000 |
|         genblk1[8].b                      |     0.000 |
|         genblk1[9].b                      |     0.000 |
|       genblk1.genblk1[14].r               |     0.000 |
|         genblk1[0].b                      |     0.000 |
|         genblk1[10].b                     |     0.000 |
|         genblk1[11].b                     |     0.000 |
|         genblk1[12].b                     |     0.000 |
|         genblk1[13].b                     |     0.000 |
|         genblk1[14].b                     |     0.000 |
|         genblk1[15].b                     |     0.000 |
|         genblk1[16].b                     |     0.000 |
|         genblk1[17].b                     |     0.000 |
|         genblk1[18].b                     |     0.000 |
|         genblk1[19].b                     |     0.000 |
|         genblk1[1].b                      |     0.000 |
|         genblk1[20].b                     |     0.000 |
|         genblk1[21].b                     |     0.000 |
|         genblk1[22].b                     |     0.000 |
|         genblk1[23].b                     |     0.000 |
|         genblk1[24].b                     |     0.000 |
|         genblk1[25].b                     |     0.000 |
|         genblk1[26].b                     |     0.000 |
|         genblk1[27].b                     |     0.000 |
|         genblk1[28].b                     |     0.000 |
|         genblk1[29].b                     |     0.000 |
|         genblk1[2].b                      |     0.000 |
|         genblk1[30].b                     |     0.000 |
|         genblk1[31].b                     |     0.000 |
|         genblk1[3].b                      |     0.000 |
|         genblk1[4].b                      |     0.000 |
|         genblk1[5].b                      |     0.000 |
|         genblk1[6].b                      |     0.000 |
|         genblk1[7].b                      |     0.000 |
|         genblk1[8].b                      |     0.000 |
|         genblk1[9].b                      |     0.000 |
|       genblk1.genblk1[15].r               |    <0.001 |
|         genblk1[0].b                      |    <0.001 |
|         genblk1[10].b                     |    <0.001 |
|         genblk1[11].b                     |    <0.001 |
|         genblk1[12].b                     |    <0.001 |
|         genblk1[13].b                     |    <0.001 |
|         genblk1[14].b                     |    <0.001 |
|         genblk1[15].b                     |    <0.001 |
|         genblk1[16].b                     |    <0.001 |
|         genblk1[17].b                     |    <0.001 |
|         genblk1[18].b                     |    <0.001 |
|         genblk1[19].b                     |    <0.001 |
|         genblk1[1].b                      |    <0.001 |
|         genblk1[20].b                     |    <0.001 |
|         genblk1[21].b                     |    <0.001 |
|         genblk1[22].b                     |    <0.001 |
|         genblk1[23].b                     |    <0.001 |
|         genblk1[24].b                     |    <0.001 |
|         genblk1[25].b                     |    <0.001 |
|         genblk1[26].b                     |    <0.001 |
|         genblk1[27].b                     |    <0.001 |
|         genblk1[28].b                     |    <0.001 |
|         genblk1[29].b                     |    <0.001 |
|         genblk1[2].b                      |    <0.001 |
|         genblk1[30].b                     |    <0.001 |
|         genblk1[31].b                     |    <0.001 |
|         genblk1[3].b                      |    <0.001 |
|         genblk1[4].b                      |    <0.001 |
|         genblk1[5].b                      |    <0.001 |
|         genblk1[6].b                      |    <0.001 |
|         genblk1[7].b                      |    <0.001 |
|         genblk1[8].b                      |    <0.001 |
|         genblk1[9].b                      |    <0.001 |
|       genblk1.genblk1[16].r               |     0.000 |
|         genblk1[0].b                      |     0.000 |
|         genblk1[10].b                     |     0.000 |
|         genblk1[11].b                     |     0.000 |
|         genblk1[12].b                     |     0.000 |
|         genblk1[13].b                     |     0.000 |
|         genblk1[14].b                     |     0.000 |
|         genblk1[15].b                     |     0.000 |
|         genblk1[16].b                     |     0.000 |
|         genblk1[17].b                     |     0.000 |
|         genblk1[18].b                     |     0.000 |
|         genblk1[19].b                     |     0.000 |
|         genblk1[1].b                      |     0.000 |
|         genblk1[20].b                     |     0.000 |
|         genblk1[21].b                     |     0.000 |
|         genblk1[22].b                     |     0.000 |
|         genblk1[23].b                     |     0.000 |
|         genblk1[24].b                     |     0.000 |
|         genblk1[25].b                     |     0.000 |
|         genblk1[26].b                     |     0.000 |
|         genblk1[27].b                     |     0.000 |
|         genblk1[28].b                     |     0.000 |
|         genblk1[29].b                     |     0.000 |
|         genblk1[2].b                      |     0.000 |
|         genblk1[30].b                     |     0.000 |
|         genblk1[31].b                     |     0.000 |
|         genblk1[3].b                      |     0.000 |
|         genblk1[4].b                      |     0.000 |
|         genblk1[5].b                      |     0.000 |
|         genblk1[6].b                      |     0.000 |
|         genblk1[7].b                      |     0.000 |
|         genblk1[8].b                      |     0.000 |
|         genblk1[9].b                      |     0.000 |
|       genblk1.genblk1[17].r               |     0.000 |
|         genblk1[0].b                      |     0.000 |
|         genblk1[10].b                     |     0.000 |
|         genblk1[11].b                     |     0.000 |
|         genblk1[12].b                     |     0.000 |
|         genblk1[13].b                     |     0.000 |
|         genblk1[14].b                     |     0.000 |
|         genblk1[15].b                     |     0.000 |
|         genblk1[16].b                     |     0.000 |
|         genblk1[17].b                     |     0.000 |
|         genblk1[18].b                     |     0.000 |
|         genblk1[19].b                     |     0.000 |
|         genblk1[1].b                      |     0.000 |
|         genblk1[20].b                     |     0.000 |
|         genblk1[21].b                     |     0.000 |
|         genblk1[22].b                     |     0.000 |
|         genblk1[23].b                     |     0.000 |
|         genblk1[24].b                     |     0.000 |
|         genblk1[25].b                     |     0.000 |
|         genblk1[26].b                     |     0.000 |
|         genblk1[27].b                     |     0.000 |
|         genblk1[28].b                     |     0.000 |
|         genblk1[29].b                     |     0.000 |
|         genblk1[2].b                      |     0.000 |
|         genblk1[30].b                     |     0.000 |
|         genblk1[31].b                     |     0.000 |
|         genblk1[3].b                      |     0.000 |
|         genblk1[4].b                      |     0.000 |
|         genblk1[5].b                      |     0.000 |
|         genblk1[6].b                      |     0.000 |
|         genblk1[7].b                      |     0.000 |
|         genblk1[8].b                      |     0.000 |
|         genblk1[9].b                      |     0.000 |
|       genblk1.genblk1[18].r               |     0.000 |
|         genblk1[0].b                      |     0.000 |
|         genblk1[10].b                     |     0.000 |
|         genblk1[11].b                     |     0.000 |
|         genblk1[12].b                     |     0.000 |
|         genblk1[13].b                     |     0.000 |
|         genblk1[14].b                     |     0.000 |
|         genblk1[15].b                     |     0.000 |
|         genblk1[16].b                     |     0.000 |
|         genblk1[17].b                     |     0.000 |
|         genblk1[18].b                     |     0.000 |
|         genblk1[19].b                     |     0.000 |
|         genblk1[1].b                      |     0.000 |
|         genblk1[20].b                     |     0.000 |
|         genblk1[21].b                     |     0.000 |
|         genblk1[22].b                     |     0.000 |
|         genblk1[23].b                     |     0.000 |
|         genblk1[24].b                     |     0.000 |
|         genblk1[25].b                     |     0.000 |
|         genblk1[26].b                     |     0.000 |
|         genblk1[27].b                     |     0.000 |
|         genblk1[28].b                     |     0.000 |
|         genblk1[29].b                     |     0.000 |
|         genblk1[2].b                      |     0.000 |
|         genblk1[30].b                     |     0.000 |
|         genblk1[31].b                     |     0.000 |
|         genblk1[3].b                      |     0.000 |
|         genblk1[4].b                      |     0.000 |
|         genblk1[5].b                      |     0.000 |
|         genblk1[6].b                      |     0.000 |
|         genblk1[7].b                      |     0.000 |
|         genblk1[8].b                      |     0.000 |
|         genblk1[9].b                      |     0.000 |
|       genblk1.genblk1[19].r               |    <0.001 |
|         genblk1[0].b                      |    <0.001 |
|         genblk1[10].b                     |    <0.001 |
|         genblk1[11].b                     |    <0.001 |
|         genblk1[12].b                     |    <0.001 |
|         genblk1[13].b                     |    <0.001 |
|         genblk1[14].b                     |    <0.001 |
|         genblk1[15].b                     |    <0.001 |
|         genblk1[16].b                     |    <0.001 |
|         genblk1[17].b                     |    <0.001 |
|         genblk1[18].b                     |    <0.001 |
|         genblk1[19].b                     |    <0.001 |
|         genblk1[1].b                      |    <0.001 |
|         genblk1[20].b                     |    <0.001 |
|         genblk1[21].b                     |    <0.001 |
|         genblk1[22].b                     |    <0.001 |
|         genblk1[23].b                     |    <0.001 |
|         genblk1[24].b                     |    <0.001 |
|         genblk1[25].b                     |    <0.001 |
|         genblk1[26].b                     |    <0.001 |
|         genblk1[27].b                     |    <0.001 |
|         genblk1[28].b                     |    <0.001 |
|         genblk1[29].b                     |    <0.001 |
|         genblk1[2].b                      |    <0.001 |
|         genblk1[30].b                     |    <0.001 |
|         genblk1[31].b                     |    <0.001 |
|         genblk1[3].b                      |    <0.001 |
|         genblk1[4].b                      |    <0.001 |
|         genblk1[5].b                      |    <0.001 |
|         genblk1[6].b                      |    <0.001 |
|         genblk1[7].b                      |    <0.001 |
|         genblk1[8].b                      |    <0.001 |
|         genblk1[9].b                      |    <0.001 |
|       genblk1.genblk1[1].r                |     0.000 |
|         genblk1[0].b                      |     0.000 |
|         genblk1[10].b                     |     0.000 |
|         genblk1[11].b                     |     0.000 |
|         genblk1[12].b                     |     0.000 |
|         genblk1[13].b                     |     0.000 |
|         genblk1[14].b                     |     0.000 |
|         genblk1[15].b                     |     0.000 |
|         genblk1[16].b                     |     0.000 |
|         genblk1[17].b                     |     0.000 |
|         genblk1[18].b                     |     0.000 |
|         genblk1[19].b                     |     0.000 |
|         genblk1[1].b                      |     0.000 |
|         genblk1[20].b                     |     0.000 |
|         genblk1[21].b                     |     0.000 |
|         genblk1[22].b                     |     0.000 |
|         genblk1[23].b                     |     0.000 |
|         genblk1[24].b                     |     0.000 |
|         genblk1[25].b                     |     0.000 |
|         genblk1[26].b                     |     0.000 |
|         genblk1[27].b                     |     0.000 |
|         genblk1[28].b                     |     0.000 |
|         genblk1[29].b                     |     0.000 |
|         genblk1[2].b                      |     0.000 |
|         genblk1[30].b                     |     0.000 |
|         genblk1[31].b                     |     0.000 |
|         genblk1[3].b                      |     0.000 |
|         genblk1[4].b                      |     0.000 |
|         genblk1[5].b                      |     0.000 |
|         genblk1[6].b                      |     0.000 |
|         genblk1[7].b                      |     0.000 |
|         genblk1[8].b                      |     0.000 |
|         genblk1[9].b                      |     0.000 |
|       genblk1.genblk1[20].r               |     0.000 |
|         genblk1[0].b                      |     0.000 |
|         genblk1[10].b                     |     0.000 |
|         genblk1[11].b                     |     0.000 |
|         genblk1[12].b                     |     0.000 |
|         genblk1[13].b                     |     0.000 |
|         genblk1[14].b                     |     0.000 |
|         genblk1[15].b                     |     0.000 |
|         genblk1[16].b                     |     0.000 |
|         genblk1[17].b                     |     0.000 |
|         genblk1[18].b                     |     0.000 |
|         genblk1[19].b                     |     0.000 |
|         genblk1[1].b                      |     0.000 |
|         genblk1[20].b                     |     0.000 |
|         genblk1[21].b                     |     0.000 |
|         genblk1[22].b                     |     0.000 |
|         genblk1[23].b                     |     0.000 |
|         genblk1[24].b                     |     0.000 |
|         genblk1[25].b                     |     0.000 |
|         genblk1[26].b                     |     0.000 |
|         genblk1[27].b                     |     0.000 |
|         genblk1[28].b                     |     0.000 |
|         genblk1[29].b                     |     0.000 |
|         genblk1[2].b                      |     0.000 |
|         genblk1[30].b                     |     0.000 |
|         genblk1[31].b                     |     0.000 |
|         genblk1[3].b                      |     0.000 |
|         genblk1[4].b                      |     0.000 |
|         genblk1[5].b                      |     0.000 |
|         genblk1[6].b                      |     0.000 |
|         genblk1[7].b                      |     0.000 |
|         genblk1[8].b                      |     0.000 |
|         genblk1[9].b                      |     0.000 |
|       genblk1.genblk1[21].r               |     0.000 |
|         genblk1[0].b                      |     0.000 |
|         genblk1[10].b                     |     0.000 |
|         genblk1[11].b                     |     0.000 |
|         genblk1[12].b                     |     0.000 |
|         genblk1[13].b                     |     0.000 |
|         genblk1[14].b                     |     0.000 |
|         genblk1[15].b                     |     0.000 |
|         genblk1[16].b                     |     0.000 |
|         genblk1[17].b                     |     0.000 |
|         genblk1[18].b                     |     0.000 |
|         genblk1[19].b                     |     0.000 |
|         genblk1[1].b                      |     0.000 |
|         genblk1[20].b                     |     0.000 |
|         genblk1[21].b                     |     0.000 |
|         genblk1[22].b                     |     0.000 |
|         genblk1[23].b                     |     0.000 |
|         genblk1[24].b                     |     0.000 |
|         genblk1[25].b                     |     0.000 |
|         genblk1[26].b                     |     0.000 |
|         genblk1[27].b                     |     0.000 |
|         genblk1[28].b                     |     0.000 |
|         genblk1[29].b                     |     0.000 |
|         genblk1[2].b                      |     0.000 |
|         genblk1[30].b                     |     0.000 |
|         genblk1[31].b                     |     0.000 |
|         genblk1[3].b                      |     0.000 |
|         genblk1[4].b                      |     0.000 |
|         genblk1[5].b                      |     0.000 |
|         genblk1[6].b                      |     0.000 |
|         genblk1[7].b                      |     0.000 |
|         genblk1[8].b                      |     0.000 |
|         genblk1[9].b                      |     0.000 |
|       genblk1.genblk1[22].r               |     0.000 |
|         genblk1[0].b                      |     0.000 |
|         genblk1[10].b                     |     0.000 |
|         genblk1[11].b                     |     0.000 |
|         genblk1[12].b                     |     0.000 |
|         genblk1[13].b                     |     0.000 |
|         genblk1[14].b                     |     0.000 |
|         genblk1[15].b                     |     0.000 |
|         genblk1[16].b                     |     0.000 |
|         genblk1[17].b                     |     0.000 |
|         genblk1[18].b                     |     0.000 |
|         genblk1[19].b                     |     0.000 |
|         genblk1[1].b                      |     0.000 |
|         genblk1[20].b                     |     0.000 |
|         genblk1[21].b                     |     0.000 |
|         genblk1[22].b                     |     0.000 |
|         genblk1[23].b                     |     0.000 |
|         genblk1[24].b                     |     0.000 |
|         genblk1[25].b                     |     0.000 |
|         genblk1[26].b                     |     0.000 |
|         genblk1[27].b                     |     0.000 |
|         genblk1[28].b                     |     0.000 |
|         genblk1[29].b                     |     0.000 |
|         genblk1[2].b                      |     0.000 |
|         genblk1[30].b                     |     0.000 |
|         genblk1[31].b                     |     0.000 |
|         genblk1[3].b                      |     0.000 |
|         genblk1[4].b                      |     0.000 |
|         genblk1[5].b                      |     0.000 |
|         genblk1[6].b                      |     0.000 |
|         genblk1[7].b                      |     0.000 |
|         genblk1[8].b                      |     0.000 |
|         genblk1[9].b                      |     0.000 |
|       genblk1.genblk1[23].r               |    <0.001 |
|         genblk1[0].b                      |    <0.001 |
|         genblk1[10].b                     |    <0.001 |
|         genblk1[11].b                     |    <0.001 |
|         genblk1[12].b                     |    <0.001 |
|         genblk1[13].b                     |    <0.001 |
|         genblk1[14].b                     |    <0.001 |
|         genblk1[15].b                     |    <0.001 |
|         genblk1[16].b                     |    <0.001 |
|         genblk1[17].b                     |    <0.001 |
|         genblk1[18].b                     |    <0.001 |
|         genblk1[19].b                     |    <0.001 |
|         genblk1[1].b                      |    <0.001 |
|         genblk1[20].b                     |    <0.001 |
|         genblk1[21].b                     |    <0.001 |
|         genblk1[22].b                     |    <0.001 |
|         genblk1[23].b                     |    <0.001 |
|         genblk1[24].b                     |    <0.001 |
|         genblk1[25].b                     |    <0.001 |
|         genblk1[26].b                     |    <0.001 |
|         genblk1[27].b                     |    <0.001 |
|         genblk1[28].b                     |    <0.001 |
|         genblk1[29].b                     |    <0.001 |
|         genblk1[2].b                      |    <0.001 |
|         genblk1[30].b                     |    <0.001 |
|         genblk1[31].b                     |    <0.001 |
|         genblk1[3].b                      |    <0.001 |
|         genblk1[4].b                      |    <0.001 |
|         genblk1[5].b                      |    <0.001 |
|         genblk1[6].b                      |    <0.001 |
|         genblk1[7].b                      |    <0.001 |
|         genblk1[8].b                      |    <0.001 |
|         genblk1[9].b                      |    <0.001 |
|       genblk1.genblk1[24].r               |     0.000 |
|         genblk1[0].b                      |     0.000 |
|         genblk1[10].b                     |     0.000 |
|         genblk1[11].b                     |     0.000 |
|         genblk1[12].b                     |     0.000 |
|         genblk1[13].b                     |     0.000 |
|         genblk1[14].b                     |     0.000 |
|         genblk1[15].b                     |     0.000 |
|         genblk1[16].b                     |     0.000 |
|         genblk1[17].b                     |     0.000 |
|         genblk1[18].b                     |     0.000 |
|         genblk1[19].b                     |     0.000 |
|         genblk1[1].b                      |     0.000 |
|         genblk1[20].b                     |     0.000 |
|         genblk1[21].b                     |     0.000 |
|         genblk1[22].b                     |     0.000 |
|         genblk1[23].b                     |     0.000 |
|         genblk1[24].b                     |     0.000 |
|         genblk1[25].b                     |     0.000 |
|         genblk1[26].b                     |     0.000 |
|         genblk1[27].b                     |     0.000 |
|         genblk1[28].b                     |     0.000 |
|         genblk1[29].b                     |     0.000 |
|         genblk1[2].b                      |     0.000 |
|         genblk1[30].b                     |     0.000 |
|         genblk1[31].b                     |     0.000 |
|         genblk1[3].b                      |     0.000 |
|         genblk1[4].b                      |     0.000 |
|         genblk1[5].b                      |     0.000 |
|         genblk1[6].b                      |     0.000 |
|         genblk1[7].b                      |     0.000 |
|         genblk1[8].b                      |     0.000 |
|         genblk1[9].b                      |     0.000 |
|       genblk1.genblk1[25].r               |     0.000 |
|         genblk1[0].b                      |     0.000 |
|         genblk1[10].b                     |     0.000 |
|         genblk1[11].b                     |     0.000 |
|         genblk1[12].b                     |     0.000 |
|         genblk1[13].b                     |     0.000 |
|         genblk1[14].b                     |     0.000 |
|         genblk1[15].b                     |     0.000 |
|         genblk1[16].b                     |     0.000 |
|         genblk1[17].b                     |     0.000 |
|         genblk1[18].b                     |     0.000 |
|         genblk1[19].b                     |     0.000 |
|         genblk1[1].b                      |     0.000 |
|         genblk1[20].b                     |     0.000 |
|         genblk1[21].b                     |     0.000 |
|         genblk1[22].b                     |     0.000 |
|         genblk1[23].b                     |     0.000 |
|         genblk1[24].b                     |     0.000 |
|         genblk1[25].b                     |     0.000 |
|         genblk1[26].b                     |     0.000 |
|         genblk1[27].b                     |     0.000 |
|         genblk1[28].b                     |     0.000 |
|         genblk1[29].b                     |     0.000 |
|         genblk1[2].b                      |     0.000 |
|         genblk1[30].b                     |     0.000 |
|         genblk1[31].b                     |     0.000 |
|         genblk1[3].b                      |     0.000 |
|         genblk1[4].b                      |     0.000 |
|         genblk1[5].b                      |     0.000 |
|         genblk1[6].b                      |     0.000 |
|         genblk1[7].b                      |     0.000 |
|         genblk1[8].b                      |     0.000 |
|         genblk1[9].b                      |     0.000 |
|       genblk1.genblk1[26].r               |     0.000 |
|         genblk1[0].b                      |     0.000 |
|         genblk1[10].b                     |     0.000 |
|         genblk1[11].b                     |     0.000 |
|         genblk1[12].b                     |     0.000 |
|         genblk1[13].b                     |     0.000 |
|         genblk1[14].b                     |     0.000 |
|         genblk1[15].b                     |     0.000 |
|         genblk1[16].b                     |     0.000 |
|         genblk1[17].b                     |     0.000 |
|         genblk1[18].b                     |     0.000 |
|         genblk1[19].b                     |     0.000 |
|         genblk1[1].b                      |     0.000 |
|         genblk1[20].b                     |     0.000 |
|         genblk1[21].b                     |     0.000 |
|         genblk1[22].b                     |     0.000 |
|         genblk1[23].b                     |     0.000 |
|         genblk1[24].b                     |     0.000 |
|         genblk1[25].b                     |     0.000 |
|         genblk1[26].b                     |     0.000 |
|         genblk1[27].b                     |     0.000 |
|         genblk1[28].b                     |     0.000 |
|         genblk1[29].b                     |     0.000 |
|         genblk1[2].b                      |     0.000 |
|         genblk1[30].b                     |     0.000 |
|         genblk1[31].b                     |     0.000 |
|         genblk1[3].b                      |     0.000 |
|         genblk1[4].b                      |     0.000 |
|         genblk1[5].b                      |     0.000 |
|         genblk1[6].b                      |     0.000 |
|         genblk1[7].b                      |     0.000 |
|         genblk1[8].b                      |     0.000 |
|         genblk1[9].b                      |     0.000 |
|       genblk1.genblk1[27].r               |    <0.001 |
|         genblk1[0].b                      |    <0.001 |
|         genblk1[10].b                     |    <0.001 |
|         genblk1[11].b                     |    <0.001 |
|         genblk1[12].b                     |    <0.001 |
|         genblk1[13].b                     |    <0.001 |
|         genblk1[14].b                     |    <0.001 |
|         genblk1[15].b                     |    <0.001 |
|         genblk1[16].b                     |    <0.001 |
|         genblk1[17].b                     |    <0.001 |
|         genblk1[18].b                     |    <0.001 |
|         genblk1[19].b                     |    <0.001 |
|         genblk1[1].b                      |    <0.001 |
|         genblk1[20].b                     |    <0.001 |
|         genblk1[21].b                     |    <0.001 |
|         genblk1[22].b                     |    <0.001 |
|         genblk1[23].b                     |    <0.001 |
|         genblk1[24].b                     |    <0.001 |
|         genblk1[25].b                     |    <0.001 |
|         genblk1[26].b                     |    <0.001 |
|         genblk1[27].b                     |    <0.001 |
|         genblk1[28].b                     |    <0.001 |
|         genblk1[29].b                     |    <0.001 |
|         genblk1[2].b                      |    <0.001 |
|         genblk1[30].b                     |    <0.001 |
|         genblk1[31].b                     |    <0.001 |
|         genblk1[3].b                      |    <0.001 |
|         genblk1[4].b                      |    <0.001 |
|         genblk1[5].b                      |    <0.001 |
|         genblk1[6].b                      |    <0.001 |
|         genblk1[7].b                      |    <0.001 |
|         genblk1[8].b                      |    <0.001 |
|         genblk1[9].b                      |    <0.001 |
|       genblk1.genblk1[28].r               |     0.000 |
|         genblk1[0].b                      |     0.000 |
|         genblk1[10].b                     |     0.000 |
|         genblk1[11].b                     |     0.000 |
|         genblk1[12].b                     |     0.000 |
|         genblk1[13].b                     |     0.000 |
|         genblk1[14].b                     |     0.000 |
|         genblk1[15].b                     |     0.000 |
|         genblk1[16].b                     |     0.000 |
|         genblk1[17].b                     |     0.000 |
|         genblk1[18].b                     |     0.000 |
|         genblk1[19].b                     |     0.000 |
|         genblk1[1].b                      |     0.000 |
|         genblk1[20].b                     |     0.000 |
|         genblk1[21].b                     |     0.000 |
|         genblk1[22].b                     |     0.000 |
|         genblk1[23].b                     |     0.000 |
|         genblk1[24].b                     |     0.000 |
|         genblk1[25].b                     |     0.000 |
|         genblk1[26].b                     |     0.000 |
|         genblk1[27].b                     |     0.000 |
|         genblk1[28].b                     |     0.000 |
|         genblk1[29].b                     |     0.000 |
|         genblk1[2].b                      |     0.000 |
|         genblk1[30].b                     |     0.000 |
|         genblk1[31].b                     |     0.000 |
|         genblk1[3].b                      |     0.000 |
|         genblk1[4].b                      |     0.000 |
|         genblk1[5].b                      |     0.000 |
|         genblk1[6].b                      |     0.000 |
|         genblk1[7].b                      |     0.000 |
|         genblk1[8].b                      |     0.000 |
|         genblk1[9].b                      |     0.000 |
|       genblk1.genblk1[29].r               |     0.000 |
|         genblk1[0].b                      |     0.000 |
|         genblk1[10].b                     |     0.000 |
|         genblk1[11].b                     |     0.000 |
|         genblk1[12].b                     |     0.000 |
|         genblk1[13].b                     |     0.000 |
|         genblk1[14].b                     |     0.000 |
|         genblk1[15].b                     |     0.000 |
|         genblk1[16].b                     |     0.000 |
|         genblk1[17].b                     |     0.000 |
|         genblk1[18].b                     |     0.000 |
|         genblk1[19].b                     |     0.000 |
|         genblk1[1].b                      |     0.000 |
|         genblk1[20].b                     |     0.000 |
|         genblk1[21].b                     |     0.000 |
|         genblk1[22].b                     |     0.000 |
|         genblk1[23].b                     |     0.000 |
|         genblk1[24].b                     |     0.000 |
|         genblk1[25].b                     |     0.000 |
|         genblk1[26].b                     |     0.000 |
|         genblk1[27].b                     |     0.000 |
|         genblk1[28].b                     |     0.000 |
|         genblk1[29].b                     |     0.000 |
|         genblk1[2].b                      |     0.000 |
|         genblk1[30].b                     |     0.000 |
|         genblk1[31].b                     |     0.000 |
|         genblk1[3].b                      |     0.000 |
|         genblk1[4].b                      |     0.000 |
|         genblk1[5].b                      |     0.000 |
|         genblk1[6].b                      |     0.000 |
|         genblk1[7].b                      |     0.000 |
|         genblk1[8].b                      |     0.000 |
|         genblk1[9].b                      |     0.000 |
|       genblk1.genblk1[2].r                |     0.000 |
|         genblk1[0].b                      |     0.000 |
|         genblk1[10].b                     |     0.000 |
|         genblk1[11].b                     |     0.000 |
|         genblk1[12].b                     |     0.000 |
|         genblk1[13].b                     |     0.000 |
|         genblk1[14].b                     |     0.000 |
|         genblk1[15].b                     |     0.000 |
|         genblk1[16].b                     |     0.000 |
|         genblk1[17].b                     |     0.000 |
|         genblk1[18].b                     |     0.000 |
|         genblk1[19].b                     |     0.000 |
|         genblk1[1].b                      |     0.000 |
|         genblk1[20].b                     |     0.000 |
|         genblk1[21].b                     |     0.000 |
|         genblk1[22].b                     |     0.000 |
|         genblk1[23].b                     |     0.000 |
|         genblk1[24].b                     |     0.000 |
|         genblk1[25].b                     |     0.000 |
|         genblk1[26].b                     |     0.000 |
|         genblk1[27].b                     |     0.000 |
|         genblk1[28].b                     |     0.000 |
|         genblk1[29].b                     |     0.000 |
|         genblk1[2].b                      |     0.000 |
|         genblk1[30].b                     |     0.000 |
|         genblk1[31].b                     |     0.000 |
|         genblk1[3].b                      |     0.000 |
|         genblk1[4].b                      |     0.000 |
|         genblk1[5].b                      |     0.000 |
|         genblk1[6].b                      |     0.000 |
|         genblk1[7].b                      |     0.000 |
|         genblk1[8].b                      |     0.000 |
|         genblk1[9].b                      |     0.000 |
|       genblk1.genblk1[30].r               |     0.000 |
|         genblk1[0].b                      |     0.000 |
|         genblk1[10].b                     |     0.000 |
|         genblk1[11].b                     |     0.000 |
|         genblk1[12].b                     |     0.000 |
|         genblk1[13].b                     |     0.000 |
|         genblk1[14].b                     |     0.000 |
|         genblk1[15].b                     |     0.000 |
|         genblk1[16].b                     |     0.000 |
|         genblk1[17].b                     |     0.000 |
|         genblk1[18].b                     |     0.000 |
|         genblk1[19].b                     |     0.000 |
|         genblk1[1].b                      |     0.000 |
|         genblk1[20].b                     |     0.000 |
|         genblk1[21].b                     |     0.000 |
|         genblk1[22].b                     |     0.000 |
|         genblk1[23].b                     |     0.000 |
|         genblk1[24].b                     |     0.000 |
|         genblk1[25].b                     |     0.000 |
|         genblk1[26].b                     |     0.000 |
|         genblk1[27].b                     |     0.000 |
|         genblk1[28].b                     |     0.000 |
|         genblk1[29].b                     |     0.000 |
|         genblk1[2].b                      |     0.000 |
|         genblk1[30].b                     |     0.000 |
|         genblk1[31].b                     |     0.000 |
|         genblk1[3].b                      |     0.000 |
|         genblk1[4].b                      |     0.000 |
|         genblk1[5].b                      |     0.000 |
|         genblk1[6].b                      |     0.000 |
|         genblk1[7].b                      |     0.000 |
|         genblk1[8].b                      |     0.000 |
|         genblk1[9].b                      |     0.000 |
|       genblk1.genblk1[31].r               |    <0.001 |
|         genblk1[0].b                      |    <0.001 |
|         genblk1[10].b                     |    <0.001 |
|         genblk1[11].b                     |    <0.001 |
|         genblk1[12].b                     |    <0.001 |
|         genblk1[13].b                     |    <0.001 |
|         genblk1[14].b                     |    <0.001 |
|         genblk1[15].b                     |    <0.001 |
|         genblk1[16].b                     |    <0.001 |
|         genblk1[17].b                     |    <0.001 |
|         genblk1[18].b                     |    <0.001 |
|         genblk1[19].b                     |    <0.001 |
|         genblk1[1].b                      |    <0.001 |
|         genblk1[20].b                     |    <0.001 |
|         genblk1[21].b                     |    <0.001 |
|         genblk1[22].b                     |    <0.001 |
|         genblk1[23].b                     |    <0.001 |
|         genblk1[24].b                     |    <0.001 |
|         genblk1[25].b                     |    <0.001 |
|         genblk1[26].b                     |    <0.001 |
|         genblk1[27].b                     |    <0.001 |
|         genblk1[28].b                     |    <0.001 |
|         genblk1[29].b                     |    <0.001 |
|         genblk1[2].b                      |    <0.001 |
|         genblk1[30].b                     |    <0.001 |
|         genblk1[31].b                     |    <0.001 |
|         genblk1[3].b                      |    <0.001 |
|         genblk1[4].b                      |    <0.001 |
|         genblk1[5].b                      |    <0.001 |
|         genblk1[6].b                      |    <0.001 |
|         genblk1[7].b                      |    <0.001 |
|         genblk1[8].b                      |    <0.001 |
|         genblk1[9].b                      |    <0.001 |
|       genblk1.genblk1[3].r                |    <0.001 |
|         genblk1[0].b                      |    <0.001 |
|         genblk1[10].b                     |    <0.001 |
|         genblk1[11].b                     |    <0.001 |
|         genblk1[12].b                     |    <0.001 |
|         genblk1[13].b                     |    <0.001 |
|         genblk1[14].b                     |    <0.001 |
|         genblk1[15].b                     |    <0.001 |
|         genblk1[16].b                     |    <0.001 |
|         genblk1[17].b                     |    <0.001 |
|         genblk1[18].b                     |    <0.001 |
|         genblk1[19].b                     |    <0.001 |
|         genblk1[1].b                      |    <0.001 |
|         genblk1[20].b                     |    <0.001 |
|         genblk1[21].b                     |    <0.001 |
|         genblk1[22].b                     |    <0.001 |
|         genblk1[23].b                     |    <0.001 |
|         genblk1[24].b                     |    <0.001 |
|         genblk1[25].b                     |    <0.001 |
|         genblk1[26].b                     |    <0.001 |
|         genblk1[27].b                     |    <0.001 |
|         genblk1[28].b                     |    <0.001 |
|         genblk1[29].b                     |    <0.001 |
|         genblk1[2].b                      |    <0.001 |
|         genblk1[30].b                     |    <0.001 |
|         genblk1[31].b                     |    <0.001 |
|         genblk1[3].b                      |    <0.001 |
|         genblk1[4].b                      |    <0.001 |
|         genblk1[5].b                      |    <0.001 |
|         genblk1[6].b                      |    <0.001 |
|         genblk1[7].b                      |    <0.001 |
|         genblk1[8].b                      |    <0.001 |
|         genblk1[9].b                      |    <0.001 |
|       genblk1.genblk1[4].r                |     0.000 |
|         genblk1[0].b                      |     0.000 |
|         genblk1[10].b                     |     0.000 |
|         genblk1[11].b                     |     0.000 |
|         genblk1[12].b                     |     0.000 |
|         genblk1[13].b                     |     0.000 |
|         genblk1[14].b                     |     0.000 |
|         genblk1[15].b                     |     0.000 |
|         genblk1[16].b                     |     0.000 |
|         genblk1[17].b                     |     0.000 |
|         genblk1[18].b                     |     0.000 |
|         genblk1[19].b                     |     0.000 |
|         genblk1[1].b                      |     0.000 |
|         genblk1[20].b                     |     0.000 |
|         genblk1[21].b                     |     0.000 |
|         genblk1[22].b                     |     0.000 |
|         genblk1[23].b                     |     0.000 |
|         genblk1[24].b                     |     0.000 |
|         genblk1[25].b                     |     0.000 |
|         genblk1[26].b                     |     0.000 |
|         genblk1[27].b                     |     0.000 |
|         genblk1[28].b                     |     0.000 |
|         genblk1[29].b                     |     0.000 |
|         genblk1[2].b                      |     0.000 |
|         genblk1[30].b                     |     0.000 |
|         genblk1[31].b                     |     0.000 |
|         genblk1[3].b                      |     0.000 |
|         genblk1[4].b                      |     0.000 |
|         genblk1[5].b                      |     0.000 |
|         genblk1[6].b                      |     0.000 |
|         genblk1[7].b                      |     0.000 |
|         genblk1[8].b                      |     0.000 |
|         genblk1[9].b                      |     0.000 |
|       genblk1.genblk1[5].r                |     0.000 |
|         genblk1[0].b                      |     0.000 |
|         genblk1[10].b                     |     0.000 |
|         genblk1[11].b                     |     0.000 |
|         genblk1[12].b                     |     0.000 |
|         genblk1[13].b                     |     0.000 |
|         genblk1[14].b                     |     0.000 |
|         genblk1[15].b                     |     0.000 |
|         genblk1[16].b                     |     0.000 |
|         genblk1[17].b                     |     0.000 |
|         genblk1[18].b                     |     0.000 |
|         genblk1[19].b                     |     0.000 |
|         genblk1[1].b                      |     0.000 |
|         genblk1[20].b                     |     0.000 |
|         genblk1[21].b                     |     0.000 |
|         genblk1[22].b                     |     0.000 |
|         genblk1[23].b                     |     0.000 |
|         genblk1[24].b                     |     0.000 |
|         genblk1[25].b                     |     0.000 |
|         genblk1[26].b                     |     0.000 |
|         genblk1[27].b                     |     0.000 |
|         genblk1[28].b                     |     0.000 |
|         genblk1[29].b                     |     0.000 |
|         genblk1[2].b                      |     0.000 |
|         genblk1[30].b                     |     0.000 |
|         genblk1[31].b                     |     0.000 |
|         genblk1[3].b                      |     0.000 |
|         genblk1[4].b                      |     0.000 |
|         genblk1[5].b                      |     0.000 |
|         genblk1[6].b                      |     0.000 |
|         genblk1[7].b                      |     0.000 |
|         genblk1[8].b                      |     0.000 |
|         genblk1[9].b                      |     0.000 |
|       genblk1.genblk1[6].r                |     0.000 |
|         genblk1[0].b                      |     0.000 |
|         genblk1[10].b                     |     0.000 |
|         genblk1[11].b                     |     0.000 |
|         genblk1[12].b                     |     0.000 |
|         genblk1[13].b                     |     0.000 |
|         genblk1[14].b                     |     0.000 |
|         genblk1[15].b                     |     0.000 |
|         genblk1[16].b                     |     0.000 |
|         genblk1[17].b                     |     0.000 |
|         genblk1[18].b                     |     0.000 |
|         genblk1[19].b                     |     0.000 |
|         genblk1[1].b                      |     0.000 |
|         genblk1[20].b                     |     0.000 |
|         genblk1[21].b                     |     0.000 |
|         genblk1[22].b                     |     0.000 |
|         genblk1[23].b                     |     0.000 |
|         genblk1[24].b                     |     0.000 |
|         genblk1[25].b                     |     0.000 |
|         genblk1[26].b                     |     0.000 |
|         genblk1[27].b                     |     0.000 |
|         genblk1[28].b                     |     0.000 |
|         genblk1[29].b                     |     0.000 |
|         genblk1[2].b                      |     0.000 |
|         genblk1[30].b                     |     0.000 |
|         genblk1[31].b                     |     0.000 |
|         genblk1[3].b                      |     0.000 |
|         genblk1[4].b                      |     0.000 |
|         genblk1[5].b                      |     0.000 |
|         genblk1[6].b                      |     0.000 |
|         genblk1[7].b                      |     0.000 |
|         genblk1[8].b                      |     0.000 |
|         genblk1[9].b                      |     0.000 |
|       genblk1.genblk1[7].r                |    <0.001 |
|         genblk1[0].b                      |    <0.001 |
|         genblk1[10].b                     |    <0.001 |
|         genblk1[11].b                     |    <0.001 |
|         genblk1[12].b                     |    <0.001 |
|         genblk1[13].b                     |    <0.001 |
|         genblk1[14].b                     |    <0.001 |
|         genblk1[15].b                     |    <0.001 |
|         genblk1[16].b                     |    <0.001 |
|         genblk1[17].b                     |    <0.001 |
|         genblk1[18].b                     |    <0.001 |
|         genblk1[19].b                     |    <0.001 |
|         genblk1[1].b                      |    <0.001 |
|         genblk1[20].b                     |    <0.001 |
|         genblk1[21].b                     |    <0.001 |
|         genblk1[22].b                     |    <0.001 |
|         genblk1[23].b                     |    <0.001 |
|         genblk1[24].b                     |    <0.001 |
|         genblk1[25].b                     |    <0.001 |
|         genblk1[26].b                     |    <0.001 |
|         genblk1[27].b                     |    <0.001 |
|         genblk1[28].b                     |    <0.001 |
|         genblk1[29].b                     |    <0.001 |
|         genblk1[2].b                      |    <0.001 |
|         genblk1[30].b                     |    <0.001 |
|         genblk1[31].b                     |    <0.001 |
|         genblk1[3].b                      |    <0.001 |
|         genblk1[4].b                      |    <0.001 |
|         genblk1[5].b                      |    <0.001 |
|         genblk1[6].b                      |    <0.001 |
|         genblk1[7].b                      |    <0.001 |
|         genblk1[8].b                      |    <0.001 |
|         genblk1[9].b                      |    <0.001 |
|       genblk1.genblk1[8].r                |     0.000 |
|         genblk1[0].b                      |     0.000 |
|         genblk1[10].b                     |     0.000 |
|         genblk1[11].b                     |     0.000 |
|         genblk1[12].b                     |     0.000 |
|         genblk1[13].b                     |     0.000 |
|         genblk1[14].b                     |     0.000 |
|         genblk1[15].b                     |     0.000 |
|         genblk1[16].b                     |     0.000 |
|         genblk1[17].b                     |     0.000 |
|         genblk1[18].b                     |     0.000 |
|         genblk1[19].b                     |     0.000 |
|         genblk1[1].b                      |     0.000 |
|         genblk1[20].b                     |     0.000 |
|         genblk1[21].b                     |     0.000 |
|         genblk1[22].b                     |     0.000 |
|         genblk1[23].b                     |     0.000 |
|         genblk1[24].b                     |     0.000 |
|         genblk1[25].b                     |     0.000 |
|         genblk1[26].b                     |     0.000 |
|         genblk1[27].b                     |     0.000 |
|         genblk1[28].b                     |     0.000 |
|         genblk1[29].b                     |     0.000 |
|         genblk1[2].b                      |     0.000 |
|         genblk1[30].b                     |     0.000 |
|         genblk1[31].b                     |     0.000 |
|         genblk1[3].b                      |     0.000 |
|         genblk1[4].b                      |     0.000 |
|         genblk1[5].b                      |     0.000 |
|         genblk1[6].b                      |     0.000 |
|         genblk1[7].b                      |     0.000 |
|         genblk1[8].b                      |     0.000 |
|         genblk1[9].b                      |     0.000 |
|       genblk1.genblk1[9].r                |     0.000 |
|         genblk1[0].b                      |     0.000 |
|         genblk1[10].b                     |     0.000 |
|         genblk1[11].b                     |     0.000 |
|         genblk1[12].b                     |     0.000 |
|         genblk1[13].b                     |     0.000 |
|         genblk1[14].b                     |     0.000 |
|         genblk1[15].b                     |     0.000 |
|         genblk1[16].b                     |     0.000 |
|         genblk1[17].b                     |     0.000 |
|         genblk1[18].b                     |     0.000 |
|         genblk1[19].b                     |     0.000 |
|         genblk1[1].b                      |     0.000 |
|         genblk1[20].b                     |     0.000 |
|         genblk1[21].b                     |     0.000 |
|         genblk1[22].b                     |     0.000 |
|         genblk1[23].b                     |     0.000 |
|         genblk1[24].b                     |     0.000 |
|         genblk1[25].b                     |     0.000 |
|         genblk1[26].b                     |     0.000 |
|         genblk1[27].b                     |     0.000 |
|         genblk1[28].b                     |     0.000 |
|         genblk1[29].b                     |     0.000 |
|         genblk1[2].b                      |     0.000 |
|         genblk1[30].b                     |     0.000 |
|         genblk1[31].b                     |     0.000 |
|         genblk1[3].b                      |     0.000 |
|         genblk1[4].b                      |     0.000 |
|         genblk1[5].b                      |     0.000 |
|         genblk1[6].b                      |     0.000 |
|         genblk1[7].b                      |     0.000 |
|         genblk1[8].b                      |     0.000 |
|         genblk1[9].b                      |     0.000 |
|     writetoReg                            |    <0.001 |
|   uar                                     |     0.004 |
|     IN0                                   |    <0.001 |
|     IN1                                   |    <0.001 |
|     IN2                                   |    <0.001 |
|     IN3                                   |    <0.001 |
|     IN4                                   |    <0.001 |
|     IN5                                   |    <0.001 |
|     IN6                                   |    <0.001 |
|     IN7                                   |    <0.001 |
+-------------------------------------------+-----------+


