Unable to capture context for thread 16668 in process 12564, can not generate back trace
Unable to capture context for thread 10768 in process 12564, can not generate back trace
Unable to capture context for thread 3684 in process 12564, can not generate back trace
Unable to capture context for thread 9020 in process 12564, can not generate back trace
Unable to capture context for thread 1484 in process 12564, can not generate back trace
Unable to capture context for thread 3044 in process 12564, can not generate back trace
Unable to capture context for thread 5116 in process 12564, can not generate back trace
Unable to capture context for thread 9864 in process 12564, can not generate back trace
Exception at PC 0x00007FF92156BB93
Printing stacktrace...

Unable to capture context for thread 3684 in process 12564, can not generate back trace
Unable to capture context for thread 9020 in process 12564, can not generate back trace
Unable to capture context for thread 1484 in process 12564, can not generate back trace
Exception at PC 0x00007FF9994E3B19
Exception at PC 0x00007FF9994E3B19
Exception at PC 0x00007FF9994E3B19
Exception at PC 0x00007FF9994E3B19
Exception at PC 0x00007FF9994E3B19
Exception at PC 0x00007FF9994E3B19
Exception at PC 0x00007FF9994E3B19
Exception at PC 0x00007FF9994E3B19
Exception at PC 0x00007FF9994E3B19
Exception at PC 0x00007FF9994E3B19
Exception at PC 0x00007FF9994E3B19
Exception at PC 0x00007FF9994E3B19
Exception at PC 0x00007FF9994E3B19
[0]  [0x00007FF92156BB93]
[1]  [0x00007FF92156BB93]
[2]  [0x00007FF92156B4A1]
[3]  [0x00007FF92156B459]
[4]  [0x00007FF9215519FE]
[5]  [0x00007FF921550ED1]
[6]  [0x00007FF921550D76]
[7]  [0x00007FF9214F79F6]
[8]  [0x00007FF9214E7AFB]
[9]  [0x00007FF92160E90A]
[10]  [0x00007FF921629F87]
[11]  [0x00007FF92162A05F]
[12] (BaseThreadInitThunk+0x14) [0x00007FF99B637C24]
[13] (RtlUserThreadStart+0x21) [0x00007FF99B8ED721]
Done
Exception at PC 0x00007FF9994E3B19
Exception at PC 0x00007FF9994E3B19
Exception at PC 0x00007FF9994E3B19
Exception at PC 0x00007FF9994E3B19
Exception at PC 0x00007FF9994E3B19
Exception at PC 0x00007FF9994E3B19
Exception at PC 0x00007FF9994E3B19
Exception at PC 0x00007FF9994E3B19
