#-----------------------------------------------------------
# Vivado v2016.4 (64-bit)
# SW Build 1733598 on Wed Dec 14 22:35:39 MST 2016
# IP Build 1731160 on Wed Dec 14 23:47:21 MST 2016
# Start of session at: Sat Apr 10 15:22:27 2021
# Process ID: 6576
# Current directory: C:/Users/CSE.CAL/Desktop/MS2/project_1
# Command line: vivado.exe -gui_launcher_event rodinguilauncherevent1532 C:\Users\CSE.CAL\Desktop\MS2\project_1\project_1.xpr
# Log file: C:/Users/CSE.CAL/Desktop/MS2/project_1/vivado.log
# Journal file: C:/Users/CSE.CAL/Desktop/MS2/project_1\vivado.jou
#-----------------------------------------------------------
start_gui
open_project C:/Users/CSE.CAL/Desktop/MS2/project_1/project_1.xpr
INFO: [Project 1-313] Project file moved from 'C:/Users/CSE.CAL/Desktop/MS1/project_1' since last save.
Scanning sources...
Finished scanning sources
INFO: [IP_Flow 19-234] Refreshing IP repositories
INFO: [IP_Flow 19-1704] No user IP repositories specified
INFO: [IP_Flow 19-2313] Loaded Vivado IP repository 'C:/Xilinx/Vivado/2016.4/data/ip'.
open_project: Time (s): cpu = 00:00:07 ; elapsed = 00:00:09 . Memory (MB): peak = 850.918 ; gain = 223.438
exit
INFO: [Common 17-206] Exiting Vivado at Sat Apr 10 17:17:42 2021...
